<?xml version="1.0" encoding="UTF-8"?>
<!-- Generated by org.testng.reporters.JUnitReportReporter -->
<testsuite hostname="HUCHAN3" name="com.selenium.tests.GoogleSearch" tests="1" failures="0" timestamp="15 Apr 2014 09:58:38 GMT" time="9.483" errors="0">
  <testcase name="testInput" time="9.483" classname="com.selenium.tests.GoogleSearch"/>
</testsuite> <!-- com.selenium.tests.GoogleSearch -->
