<?xml version="1.0" encoding="UTF-8"?>
<!-- Generated by org.testng.reporters.JUnitReportReporter -->
<testsuite hostname="HUCHAN3" name="com.hp.utility.NiceEmailer" tests="1" failures="0" timestamp="20 Aug 2013 05:17:00 GMT" time="3.387" errors="0">
  <testcase name="sendEmail" time="3.387" classname="com.hp.utility.NiceEmailer"/>
</testsuite> <!-- com.hp.utility.NiceEmailer -->
