<?xml version="1.0" encoding="UTF-8"?>
<!-- Generated by org.testng.reporters.JUnitReportReporter -->
<testsuite hostname="HUCHAN3" name="com.hp.tests.NewProactiveScanTest" tests="7" failures="0" timestamp="20 Aug 2013 05:17:00 GMT" time="311.872" errors="0">
  <testcase name="test_newAssessment" time="13.559" classname="com.hp.tests.NewProactiveScanTest"/>
  <testcase name="test_SelectCustomer" time="14.554" classname="com.hp.tests.NewProactiveScanTest"/>
  <testcase name="test_ListRun" time="258.749" classname="com.hp.tests.NewProactiveScanTest"/>
  <testcase name="test_SelectDevice" time="4.851" classname="com.hp.tests.NewProactiveScanTest"/>
  <testcase name="test_Options" time="5.286" classname="com.hp.tests.NewProactiveScanTest"/>
  <testcase name="test_Review" time="10.779" classname="com.hp.tests.NewProactiveScanTest"/>
  <testcase name="test_verifyHomePage" time="4.094" classname="com.hp.tests.NewProactiveScanTest"/>
</testsuite> <!-- com.hp.tests.NewProactiveScanTest -->
