<?xml version="1.0" encoding="UTF-8"?>
<!-- Generated by org.testng.reporters.JUnitReportReporter -->
<testsuite hostname="HUCHAN3" name="com.hp.tests.LoginHomePageTest" tests="1" failures="0" timestamp="20 Aug 2013 05:17:00 GMT" time="20.437" errors="0">
  <testcase name="test_loginInterface" time="20.437" classname="com.hp.tests.LoginHomePageTest"/>
</testsuite> <!-- com.hp.tests.LoginHomePageTest -->
