<?xml version="1.0" encoding="UTF-8"?>
<!-- Generated by org.testng.reporters.JUnitReportReporter -->
<testsuite hostname="HUCHAN3" name="com.selenium.utilities.recorder.ScreenRecorderTest" tests="1" failures="0" timestamp="15 Apr 2014 10:39:25 GMT" time="50.732" errors="0">
  <testcase name="startRecording" time="50.732" classname="com.selenium.utilities.recorder.ScreenRecorderTest"/>
</testsuite> <!-- com.selenium.utilities.recorder.ScreenRecorderTest -->
