<?xml version="1.0" encoding="UTF-8"?>
<!-- Generated by org.testng.reporters.JUnitReportReporter -->
<testsuite hostname="HUCHAN3" name="com.selenium.tests.SendEmailReporter" tests="1" failures="0" timestamp="15 Apr 2014 10:50:13 GMT" time="3.576" errors="0">
  <testcase name="sendDetailReport" time="3.576" classname="com.selenium.tests.SendEmailReporter"/>
</testsuite> <!-- com.selenium.tests.SendEmailReporter -->
